{"/Users/beagle/Desktop/URLpilgrim/src/console_messages/index.js": {"path":"/Users/beagle/Desktop/URLpilgrim/src/console_messages/index.js","statementMap":{"0":{"start":{"line":3,"column":14},"end":{"line":3,"column":34}},"1":{"start":{"line":5,"column":17},"end":{"line":11,"column":1}},"2":{"start":{"line":6,"column":14},"end":{"line":6,"column":25}},"3":{"start":{"line":7,"column":2},"end":{"line":7,"column":47}},"4":{"start":{"line":7,"column":22},"end":{"line":7,"column":47}},"5":{"start":{"line":8,"column":2},"end":{"line":8,"column":45}},"6":{"start":{"line":8,"column":22},"end":{"line":8,"column":45}},"7":{"start":{"line":9,"column":2},"end":{"line":9,"column":47}},"8":{"start":{"line":9,"column":23},"end":{"line":9,"column":47}},"9":{"start":{"line":10,"column":2},"end":{"line":10,"column":26}},"10":{"start":{"line":13,"column":17},"end":{"line":52,"column":1}},"11":{"start":{"line":54,"column":0},"end":{"line":54,"column":40}}},"fnMap":{"0":{"name":"(anonymous_0)","decl":{"start":{"line":5,"column":17},"end":{"line":5,"column":18}},"loc":{"start":{"line":5,"column":34},"end":{"line":11,"column":1}},"line":5}},"branchMap":{"0":{"loc":{"start":{"line":7,"column":2},"end":{"line":7,"column":47}},"type":"if","locations":[{"start":{"line":7,"column":2},"end":{"line":7,"column":47}},{"start":{"line":7,"column":2},"end":{"line":7,"column":47}}],"line":7},"1":{"loc":{"start":{"line":8,"column":2},"end":{"line":8,"column":45}},"type":"if","locations":[{"start":{"line":8,"column":2},"end":{"line":8,"column":45}},{"start":{"line":8,"column":2},"end":{"line":8,"column":45}}],"line":8},"2":{"loc":{"start":{"line":9,"column":2},"end":{"line":9,"column":47}},"type":"if","locations":[{"start":{"line":9,"column":2},"end":{"line":9,"column":47}},{"start":{"line":9,"column":2},"end":{"line":9,"column":47}}],"line":9}},"s":{"0":1,"1":1,"2":3,"3":3,"4":1,"5":3,"6":1,"7":3,"8":1,"9":3,"10":1,"11":1},"f":{"0":3},"b":{"0":[1,2],"1":[1,2],"2":[1,2]},"_coverageSchema":"1a1c01bbd47fc00a2c39e90264f33305004495a9","hash":"4fec2b3a51011ae979abd7ed24d4698b1309c52a"}
,"/Users/beagle/Desktop/URLpilgrim/src/file_reader/index.js": {"path":"/Users/beagle/Desktop/URLpilgrim/src/file_reader/index.js","statementMap":{"0":{"start":{"line":1,"column":11},"end":{"line":1,"column":24}},"1":{"start":{"line":3,"column":18},"end":{"line":43,"column":1}},"2":{"start":{"line":4,"column":19},"end":{"line":4,"column":77}},"3":{"start":{"line":6,"column":24},"end":{"line":6,"column":36}},"4":{"start":{"line":8,"column":16},"end":{"line":8,"column":18}},"5":{"start":{"line":10,"column":15},"end":{"line":10,"column":68}},"6":{"start":{"line":12,"column":2},"end":{"line":12,"column":47}},"7":{"start":{"line":13,"column":2},"end":{"line":13,"column":41}},"8":{"start":{"line":15,"column":2},"end":{"line":41,"column":3}},"9":{"start":{"line":16,"column":23},"end":{"line":16,"column":76}},"10":{"start":{"line":18,"column":28},"end":{"line":18,"column":83}},"11":{"start":{"line":20,"column":4},"end":{"line":20,"column":44}},"12":{"start":{"line":22,"column":20},"end":{"line":22,"column":21}},"13":{"start":{"line":23,"column":23},"end":{"line":23,"column":25}},"14":{"start":{"line":25,"column":4},"end":{"line":30,"column":7}},"15":{"start":{"line":26,"column":6},"end":{"line":26,"column":71}},"16":{"start":{"line":27,"column":6},"end":{"line":27,"column":25}},"17":{"start":{"line":29,"column":6},"end":{"line":29,"column":60}},"18":{"start":{"line":32,"column":4},"end":{"line":32,"column":65}},"19":{"start":{"line":32,"column":25},"end":{"line":32,"column":65}},"20":{"start":{"line":33,"column":4},"end":{"line":33,"column":53}},"21":{"start":{"line":35,"column":4},"end":{"line":40,"column":11}},"22":{"start":{"line":37,"column":6},"end":{"line":37,"column":58}},"23":{"start":{"line":37,"column":35},"end":{"line":37,"column":58}},"24":{"start":{"line":38,"column":6},"end":{"line":38,"column":90}},"25":{"start":{"line":38,"column":44},"end":{"line":38,"column":67}},"26":{"start":{"line":38,"column":70},"end":{"line":38,"column":90}},"27":{"start":{"line":39,"column":6},"end":{"line":39,"column":23}},"28":{"start":{"line":42,"column":2},"end":{"line":42,"column":17}},"29":{"start":{"line":45,"column":0},"end":{"line":47,"column":2}}},"fnMap":{"0":{"name":"(anonymous_0)","decl":{"start":{"line":3,"column":18},"end":{"line":3,"column":19}},"loc":{"start":{"line":3,"column":72},"end":{"line":43,"column":1}},"line":3},"1":{"name":"(anonymous_1)","decl":{"start":{"line":25,"column":25},"end":{"line":25,"column":26}},"loc":{"start":{"line":25,"column":35},"end":{"line":30,"column":5}},"line":25},"2":{"name":"(anonymous_2)","decl":{"start":{"line":35,"column":29},"end":{"line":35,"column":30}},"loc":{"start":{"line":35,"column":49},"end":{"line":40,"column":5}},"line":35},"3":{"name":"(anonymous_3)","decl":{"start":{"line":38,"column":29},"end":{"line":38,"column":30}},"loc":{"start":{"line":38,"column":44},"end":{"line":38,"column":67}},"line":38}},"branchMap":{"0":{"loc":{"start":{"line":3,"column":44},"end":{"line":3,"column":67}},"type":"default-arg","locations":[{"start":{"line":3,"column":63},"end":{"line":3,"column":67}}],"line":3},"1":{"loc":{"start":{"line":15,"column":2},"end":{"line":41,"column":3}},"type":"if","locations":[{"start":{"line":15,"column":2},"end":{"line":41,"column":3}},{"start":{"line":15,"column":2},"end":{"line":41,"column":3}}],"line":15},"2":{"loc":{"start":{"line":26,"column":18},"end":{"line":26,"column":70}},"type":"cond-expr","locations":[{"start":{"line":26,"column":47},"end":{"line":26,"column":56}},{"start":{"line":26,"column":59},"end":{"line":26,"column":70}}],"line":26},"3":{"loc":{"start":{"line":29,"column":6},"end":{"line":29,"column":59}},"type":"cond-expr","locations":[{"start":{"line":29,"column":29},"end":{"line":29,"column":52}},{"start":{"line":29,"column":55},"end":{"line":29,"column":59}}],"line":29},"4":{"loc":{"start":{"line":32,"column":4},"end":{"line":32,"column":65}},"type":"if","locations":[{"start":{"line":32,"column":4},"end":{"line":32,"column":65}},{"start":{"line":32,"column":4},"end":{"line":32,"column":65}}],"line":32},"5":{"loc":{"start":{"line":37,"column":6},"end":{"line":37,"column":58}},"type":"if","locations":[{"start":{"line":37,"column":6},"end":{"line":37,"column":58}},{"start":{"line":37,"column":6},"end":{"line":37,"column":58}}],"line":37},"6":{"loc":{"start":{"line":38,"column":6},"end":{"line":38,"column":90}},"type":"if","locations":[{"start":{"line":38,"column":6},"end":{"line":38,"column":90}},{"start":{"line":38,"column":6},"end":{"line":38,"column":90}}],"line":38}},"s":{"0":1,"1":1,"2":5,"3":5,"4":5,"5":5,"6":1,"7":1,"8":1,"9":0,"10":0,"11":0,"12":0,"13":0,"14":0,"15":0,"16":0,"17":0,"18":0,"19":0,"20":0,"21":0,"22":0,"23":0,"24":0,"25":0,"26":0,"27":0,"28":1,"29":1},"f":{"0":5,"1":0,"2":0,"3":0},"b":{"0":[5],"1":[0,1],"2":[0,0],"3":[0,0],"4":[0,0],"5":[0,0],"6":[0,0]},"_coverageSchema":"1a1c01bbd47fc00a2c39e90264f33305004495a9","hash":"66a3f4a7b002c8d1d05250db0aa205500925848e"}
,"/Users/beagle/Desktop/URLpilgrim/src/url_functions/index.js": {"path":"/Users/beagle/Desktop/URLpilgrim/src/url_functions/index.js","statementMap":{"0":{"start":{"line":1,"column":14},"end":{"line":1,"column":35}},"1":{"start":{"line":2,"column":21},"end":{"line":2,"column":51}},"2":{"start":{"line":4,"column":16},"end":{"line":73,"column":1}},"3":{"start":{"line":5,"column":2},"end":{"line":5,"column":60}},"4":{"start":{"line":5,"column":39},"end":{"line":5,"column":60}},"5":{"start":{"line":7,"column":19},"end":{"line":21,"column":3}},"6":{"start":{"line":8,"column":26},"end":{"line":8,"column":38}},"7":{"start":{"line":10,"column":4},"end":{"line":13,"column":5}},"8":{"start":{"line":12,"column":6},"end":{"line":12,"column":29}},"9":{"start":{"line":15,"column":4},"end":{"line":20,"column":5}},"10":{"start":{"line":16,"column":24},"end":{"line":16,"column":75}},"11":{"start":{"line":17,"column":6},"end":{"line":17,"column":52}},"12":{"start":{"line":19,"column":6},"end":{"line":19,"column":39}},"13":{"start":{"line":23,"column":22},"end":{"line":23,"column":44}},"14":{"start":{"line":24,"column":2},"end":{"line":72,"column":7}},"15":{"start":{"line":27,"column":6},"end":{"line":61,"column":8}},"16":{"start":{"line":28,"column":8},"end":{"line":41,"column":9}},"17":{"start":{"line":29,"column":10},"end":{"line":32,"column":11}},"18":{"start":{"line":30,"column":12},"end":{"line":30,"column":61}},"19":{"start":{"line":31,"column":12},"end":{"line":31,"column":27}},"20":{"start":{"line":33,"column":10},"end":{"line":37,"column":11}},"21":{"start":{"line":34,"column":12},"end":{"line":34,"column":33}},"22":{"start":{"line":35,"column":12},"end":{"line":35,"column":61}},"23":{"start":{"line":36,"column":12},"end":{"line":36,"column":27}},"24":{"start":{"line":38,"column":10},"end":{"line":38,"column":31}},"25":{"start":{"line":39,"column":10},"end":{"line":39,"column":64}},"26":{"start":{"line":40,"column":10},"end":{"line":40,"column":25}},"27":{"start":{"line":42,"column":8},"end":{"line":51,"column":9}},"28":{"start":{"line":46,"column":10},"end":{"line":49,"column":12}},"29":{"start":{"line":50,"column":10},"end":{"line":50,"column":25}},"30":{"start":{"line":52,"column":8},"end":{"line":60,"column":9}},"31":{"start":{"line":58,"column":10},"end":{"line":58,"column":64}},"32":{"start":{"line":59,"column":10},"end":{"line":59,"column":25}},"33":{"start":{"line":64,"column":6},"end":{"line":67,"column":7}},"34":{"start":{"line":65,"column":8},"end":{"line":65,"column":42}},"35":{"start":{"line":66,"column":8},"end":{"line":66,"column":80}},"36":{"start":{"line":66,"column":62},"end":{"line":66,"column":76}},"37":{"start":{"line":70,"column":6},"end":{"line":70,"column":27}},"38":{"start":{"line":71,"column":6},"end":{"line":71,"column":84}},"39":{"start":{"line":71,"column":36},"end":{"line":71,"column":84}},"40":{"start":{"line":75,"column":0},"end":{"line":77,"column":2}}},"fnMap":{"0":{"name":"(anonymous_0)","decl":{"start":{"line":4,"column":16},"end":{"line":4,"column":17}},"loc":{"start":{"line":4,"column":72},"end":{"line":73,"column":1}},"line":4},"1":{"name":"(anonymous_1)","decl":{"start":{"line":7,"column":19},"end":{"line":7,"column":20}},"loc":{"start":{"line":7,"column":34},"end":{"line":21,"column":3}},"line":7},"2":{"name":"(anonymous_2)","decl":{"start":{"line":25,"column":10},"end":{"line":25,"column":11}},"loc":{"start":{"line":27,"column":6},"end":{"line":61,"column":8}},"line":27},"3":{"name":"(anonymous_3)","decl":{"start":{"line":27,"column":23},"end":{"line":27,"column":24}},"loc":{"start":{"line":27,"column":36},"end":{"line":61,"column":7}},"line":27},"4":{"name":"(anonymous_4)","decl":{"start":{"line":63,"column":10},"end":{"line":63,"column":11}},"loc":{"start":{"line":63,"column":23},"end":{"line":68,"column":5}},"line":63},"5":{"name":"(anonymous_5)","decl":{"start":{"line":66,"column":50},"end":{"line":66,"column":51}},"loc":{"start":{"line":66,"column":62},"end":{"line":66,"column":76}},"line":66},"6":{"name":"(anonymous_6)","decl":{"start":{"line":69,"column":11},"end":{"line":69,"column":12}},"loc":{"start":{"line":69,"column":23},"end":{"line":72,"column":5}},"line":69}},"branchMap":{"0":{"loc":{"start":{"line":4,"column":17},"end":{"line":4,"column":30}},"type":"default-arg","locations":[{"start":{"line":4,"column":28},"end":{"line":4,"column":30}}],"line":4},"1":{"loc":{"start":{"line":4,"column":32},"end":{"line":4,"column":67}},"type":"default-arg","locations":[{"start":{"line":4,"column":45},"end":{"line":4,"column":67}}],"line":4},"2":{"loc":{"start":{"line":5,"column":2},"end":{"line":5,"column":60}},"type":"if","locations":[{"start":{"line":5,"column":2},"end":{"line":5,"column":60}},{"start":{"line":5,"column":2},"end":{"line":5,"column":60}}],"line":5},"3":{"loc":{"start":{"line":10,"column":4},"end":{"line":13,"column":5}},"type":"if","locations":[{"start":{"line":10,"column":4},"end":{"line":13,"column":5}},{"start":{"line":10,"column":4},"end":{"line":13,"column":5}}],"line":10},"4":{"loc":{"start":{"line":28,"column":8},"end":{"line":41,"column":9}},"type":"if","locations":[{"start":{"line":28,"column":8},"end":{"line":41,"column":9}},{"start":{"line":28,"column":8},"end":{"line":41,"column":9}}],"line":28},"5":{"loc":{"start":{"line":29,"column":10},"end":{"line":32,"column":11}},"type":"if","locations":[{"start":{"line":29,"column":10},"end":{"line":32,"column":11}},{"start":{"line":29,"column":10},"end":{"line":32,"column":11}}],"line":29},"6":{"loc":{"start":{"line":33,"column":10},"end":{"line":37,"column":11}},"type":"if","locations":[{"start":{"line":33,"column":10},"end":{"line":37,"column":11}},{"start":{"line":33,"column":10},"end":{"line":37,"column":11}}],"line":33},"7":{"loc":{"start":{"line":33,"column":14},"end":{"line":33,"column":62}},"type":"binary-expr","locations":[{"start":{"line":33,"column":14},"end":{"line":33,"column":36}},{"start":{"line":33,"column":40},"end":{"line":33,"column":62}}],"line":33},"8":{"loc":{"start":{"line":42,"column":8},"end":{"line":51,"column":9}},"type":"if","locations":[{"start":{"line":42,"column":8},"end":{"line":51,"column":9}},{"start":{"line":42,"column":8},"end":{"line":51,"column":9}}],"line":42},"9":{"loc":{"start":{"line":43,"column":10},"end":{"line":44,"column":69}},"type":"binary-expr","locations":[{"start":{"line":43,"column":10},"end":{"line":43,"column":52}},{"start":{"line":44,"column":11},"end":{"line":44,"column":42}},{"start":{"line":44,"column":46},"end":{"line":44,"column":68}}],"line":43},"10":{"loc":{"start":{"line":52,"column":8},"end":{"line":60,"column":9}},"type":"if","locations":[{"start":{"line":52,"column":8},"end":{"line":60,"column":9}},{"start":{"line":52,"column":8},"end":{"line":60,"column":9}}],"line":52},"11":{"loc":{"start":{"line":53,"column":10},"end":{"line":56,"column":32}},"type":"binary-expr","locations":[{"start":{"line":53,"column":10},"end":{"line":53,"column":42}},{"start":{"line":54,"column":10},"end":{"line":54,"column":32}},{"start":{"line":55,"column":10},"end":{"line":55,"column":32}},{"start":{"line":56,"column":10},"end":{"line":56,"column":32}}],"line":53},"12":{"loc":{"start":{"line":64,"column":6},"end":{"line":67,"column":7}},"type":"if","locations":[{"start":{"line":64,"column":6},"end":{"line":67,"column":7}},{"start":{"line":64,"column":6},"end":{"line":67,"column":7}}],"line":64},"13":{"loc":{"start":{"line":71,"column":6},"end":{"line":71,"column":84}},"type":"if","locations":[{"start":{"line":71,"column":6},"end":{"line":71,"column":84}},{"start":{"line":71,"column":6},"end":{"line":71,"column":84}}],"line":71}},"s":{"0":1,"1":1,"2":1,"3":3,"4":3,"5":3,"6":3,"7":3,"8":0,"9":3,"10":3,"11":3,"12":0,"13":3,"14":3,"15":3,"16":3,"17":3,"18":1,"19":1,"20":2,"21":1,"22":1,"23":1,"24":1,"25":1,"26":1,"27":0,"28":0,"29":0,"30":0,"31":0,"32":0,"33":3,"34":0,"35":0,"36":0,"37":0,"38":0,"39":0,"40":1},"f":{"0":3,"1":3,"2":3,"3":3,"4":3,"5":0,"6":0},"b":{"0":[0],"1":[3],"2":[3,0],"3":[0,3],"4":[3,0],"5":[1,2],"6":[1,1],"7":[2,1],"8":[0,0],"9":[0,0,0],"10":[0,0],"11":[0,0,0,0],"12":[0,3],"13":[0,0]},"_coverageSchema":"1a1c01bbd47fc00a2c39e90264f33305004495a9","hash":"57d07abadf4ac4079b8f563b0bc8a3038c2e1741"}
}
