TN:
SF:src/console_messages/index.js
FN:5,(anonymous_0)
FNF:1
FNH:1
FNDA:3,(anonymous_0)
DA:3,1
DA:5,1
DA:6,3
DA:7,3
DA:8,3
DA:9,3
DA:10,3
DA:13,1
DA:54,1
LF:9
LH:9
BRDA:7,0,0,1
BRDA:7,0,1,2
BRDA:8,1,0,1
BRDA:8,1,1,2
BRDA:9,2,0,1
BRDA:9,2,1,2
BRF:6
BRH:6
end_of_record
TN:
SF:src/file_reader/index.js
FN:3,(anonymous_0)
FN:25,(anonymous_1)
FN:35,(anonymous_2)
FN:38,(anonymous_3)
FNF:4
FNH:1
FNDA:5,(anonymous_0)
FNDA:0,(anonymous_1)
FNDA:0,(anonymous_2)
FNDA:0,(anonymous_3)
DA:1,1
DA:3,1
DA:4,5
DA:6,5
DA:8,5
DA:10,5
DA:12,1
DA:13,1
DA:15,1
DA:16,0
DA:18,0
DA:20,0
DA:22,0
DA:23,0
DA:25,0
DA:26,0
DA:27,0
DA:29,0
DA:32,0
DA:33,0
DA:35,0
DA:37,0
DA:38,0
DA:39,0
DA:42,1
DA:45,1
LF:26
LH:11
BRDA:3,0,0,5
BRDA:15,1,0,0
BRDA:15,1,1,1
BRDA:26,2,0,0
BRDA:26,2,1,0
BRDA:29,3,0,0
BRDA:29,3,1,0
BRDA:32,4,0,0
BRDA:32,4,1,0
BRDA:37,5,0,0
BRDA:37,5,1,0
BRDA:38,6,0,0
BRDA:38,6,1,0
BRF:13
BRH:2
end_of_record
TN:
SF:src/url_functions/index.js
FN:4,(anonymous_0)
FN:7,(anonymous_1)
FN:25,(anonymous_2)
FN:27,(anonymous_3)
FN:63,(anonymous_4)
FN:66,(anonymous_5)
FN:69,(anonymous_6)
FNF:7
FNH:5
FNDA:3,(anonymous_0)
FNDA:3,(anonymous_1)
FNDA:3,(anonymous_2)
FNDA:3,(anonymous_3)
FNDA:3,(anonymous_4)
FNDA:0,(anonymous_5)
FNDA:0,(anonymous_6)
DA:1,1
DA:2,1
DA:4,1
DA:5,3
DA:7,3
DA:8,3
DA:10,3
DA:12,0
DA:15,3
DA:16,3
DA:17,3
DA:19,0
DA:23,3
DA:24,3
DA:27,3
DA:28,3
DA:29,3
DA:30,1
DA:31,1
DA:33,2
DA:34,1
DA:35,1
DA:36,1
DA:38,1
DA:39,1
DA:40,1
DA:42,0
DA:46,0
DA:50,0
DA:52,0
DA:58,0
DA:59,0
DA:64,3
DA:65,0
DA:66,0
DA:70,0
DA:71,0
DA:75,1
LF:38
LH:26
BRDA:4,0,0,0
BRDA:4,1,0,3
BRDA:5,2,0,3
BRDA:5,2,1,0
BRDA:10,3,0,0
BRDA:10,3,1,3
BRDA:28,4,0,3
BRDA:28,4,1,0
BRDA:29,5,0,1
BRDA:29,5,1,2
BRDA:33,6,0,1
BRDA:33,6,1,1
BRDA:33,7,0,2
BRDA:33,7,1,1
BRDA:42,8,0,0
BRDA:42,8,1,0
BRDA:43,9,0,0
BRDA:43,9,1,0
BRDA:43,9,2,0
BRDA:52,10,0,0
BRDA:52,10,1,0
BRDA:53,11,0,0
BRDA:53,11,1,0
BRDA:53,11,2,0
BRDA:53,11,3,0
BRDA:64,12,0,0
BRDA:64,12,1,3
BRDA:71,13,0,0
BRDA:71,13,1,0
BRF:29
BRH:11
end_of_record
